%!Adobe-FontList 1.19
%Locale:0x409

%BeginFont
Handler:DirectoryHandler
FontType:TrueType
FontName:OpenSans-Bold
FamilyName:Open Sans
StyleName:Bold
FullName:Open Sans Bold
MenuName:Open Sans
StyleBits:2
WritingScript:Roman
OutlineFileName:C:\Users\Jigsh Ptl\Downloads\Viscommerce_Offerings\New_20-01-2023\Viscommerce_Offerings_with_credentials\Font\OpenSans-Bold.ttf
DataFormat:sfntData
hasSVG:no
VariableFontType:NonVariableFont
FileLength:224592
FileModTime:1644017436
WeightClass:700
WidthClass:5
AngleClass:0
NameArray:0,Mac,4,Open Sans Bold
NameArray:0,Win,1,Open Sans
%EndFont

%BeginFont
Handler:DirectoryHandler
FontType:TrueType
FontName:OpenSans-BoldItalic
FamilyName:Open Sans
StyleName:Bold Italic
FullName:Open Sans Bold Italic
MenuName:Open Sans
StyleBits:3
WritingScript:Roman
OutlineFileName:C:\Users\Jigsh Ptl\Downloads\Viscommerce_Offerings\New_20-01-2023\Viscommerce_Offerings_with_credentials\Font\OpenSans-BoldItalic.ttf
DataFormat:sfntData
hasSVG:no
VariableFontType:NonVariableFont
FileLength:213292
FileModTime:1644017436
WeightClass:700
WidthClass:5
AngleClass:1
NameArray:0,Mac,4,Open Sans Bold Italic
NameArray:0,Win,1,Open Sans
%EndFont

%BeginFont
Handler:DirectoryHandler
FontType:TrueType
FontName:OpenSans-CondensedBold
FamilyName:Open Sans Condensed
StyleName:Bold
FullName:Open Sans Condensed Bold
MenuName:Open Sans Condensed
StyleBits:2
WritingScript:Roman
OutlineFileName:C:\Users\Jigsh Ptl\Downloads\Viscommerce_Offerings\New_20-01-2023\Viscommerce_Offerings_with_credentials\Font\OpenSans-CondBold.ttf
DataFormat:sfntData
hasSVG:no
VariableFontType:NonVariableFont
FileLength:264372
FileModTime:1644017436
WeightClass:700
WidthClass:3
AngleClass:0
NameArray:0,Win,1,Open Sans Condensed
%EndFont

%BeginFont
Handler:DirectoryHandler
FontType:TrueType
FontName:OpenSans-Extrabold
FamilyName:Open Sans
StyleName:Extrabold
FullName:Open Sans Extrabold
MenuName:Open Sans Extrabold
StyleBits:0
WritingScript:Roman
OutlineFileName:C:\Users\Jigsh Ptl\Downloads\Viscommerce_Offerings\New_20-01-2023\Viscommerce_Offerings_with_credentials\Font\OpenSans-ExtraBold.ttf
DataFormat:sfntData
hasSVG:no
VariableFontType:NonVariableFont
FileLength:222584
FileModTime:1644017436
WeightClass:800
WidthClass:5
AngleClass:0
NameArray:0,Mac,4,Open Sans Extrabold
NameArray:0,Win,1,Open Sans Extrabold
NameArray:0,Win,16,Open Sans
%EndFont

%BeginFont
Handler:DirectoryHandler
FontType:TrueType
FontName:OpenSans-ExtraboldItalic
FamilyName:Open Sans
StyleName:Extrabold Italic
FullName:Open Sans Extrabold Italic
MenuName:Open Sans Extrabold
StyleBits:1
WritingScript:Roman
OutlineFileName:C:\Users\Jigsh Ptl\Downloads\Viscommerce_Offerings\New_20-01-2023\Viscommerce_Offerings_with_credentials\Font\OpenSans-ExtraBoldItalic.ttf
DataFormat:sfntData
hasSVG:no
VariableFontType:NonVariableFont
FileLength:213420
FileModTime:1644017436
WeightClass:800
WidthClass:5
AngleClass:1
NameArray:0,Mac,4,Open Sans Extrabold Italic
NameArray:0,Win,1,Open Sans Extrabold
NameArray:0,Win,16,Open Sans
%EndFont

%BeginFont
Handler:DirectoryHandler
FontType:TrueType
FontName:OpenSans-Italic
FamilyName:Open Sans
StyleName:Italic
FullName:Open Sans Italic
MenuName:Open Sans
StyleBits:1
WritingScript:Roman
OutlineFileName:C:\Users\Jigsh Ptl\Downloads\Viscommerce_Offerings\New_20-01-2023\Viscommerce_Offerings_with_credentials\Font\OpenSans-Italic.ttf
DataFormat:sfntData
hasSVG:no
VariableFontType:NonVariableFont
FileLength:212896
FileModTime:1644017436
WeightClass:400
WidthClass:5
AngleClass:1
NameArray:0,Mac,4,Open Sans Italic
NameArray:0,Win,1,Open Sans
%EndFont

%BeginFont
Handler:DirectoryHandler
FontType:TrueType
FontName:OpenSans-Light
FamilyName:Open Sans
StyleName:Light
FullName:Open Sans Light
MenuName:Open Sans Light
StyleBits:0
WritingScript:Roman
OutlineFileName:C:\Users\Jigsh Ptl\Downloads\Viscommerce_Offerings\New_20-01-2023\Viscommerce_Offerings_with_credentials\Font\OpenSans-Light.ttf
DataFormat:sfntData
hasSVG:no
VariableFontType:NonVariableFont
FileLength:222412
FileModTime:1644017436
WeightClass:300
WidthClass:5
AngleClass:0
NameArray:0,Mac,4,Open Sans Light
NameArray:0,Win,1,Open Sans Light
NameArray:0,Win,16,Open Sans
%EndFont

%BeginFont
Handler:DirectoryHandler
FontType:TrueType
FontName:OpenSansLight-Italic
FamilyName:Open Sans
StyleName:Light Italic
FullName:Open Sans Light Italic
MenuName:Open Sans Light
StyleBits:1
WritingScript:Roman
OutlineFileName:C:\Users\Jigsh Ptl\Downloads\Viscommerce_Offerings\New_20-01-2023\Viscommerce_Offerings_with_credentials\Font\OpenSans-LightItalic.ttf
DataFormat:sfntData
hasSVG:no
VariableFontType:NonVariableFont
FileLength:213128
FileModTime:1644017436
WeightClass:300
WidthClass:5
AngleClass:1
NameArray:0,Mac,4,Open Sans Light Italic
NameArray:0,Win,1,Open Sans Light
NameArray:0,Win,16,Open Sans
%EndFont

%BeginFont
Handler:DirectoryHandler
FontType:TrueType
FontName:OpenSans-Medium
FamilyName:Open Sans
StyleName:Medium
FullName:Open Sans Medium
MenuName:Open Sans Medium
StyleBits:0
WritingScript:Roman
OutlineFileName:C:\Users\Jigsh Ptl\Downloads\Viscommerce_Offerings\New_20-01-2023\Viscommerce_Offerings_with_credentials\Font\OpenSans-Medium.ttf
DataFormat:sfntData
hasSVG:no
VariableFontType:NonVariableFont
FileLength:129948
FileModTime:1296585000
WeightClass:500
WidthClass:5
AngleClass:0
NameArray:0,Win,1,Open Sans Medium
NameArray:0,Win,16,Open Sans
%EndFont

%BeginFont
Handler:DirectoryHandler
FontType:TrueType
FontName:OpenSans-MediumItalic
FamilyName:Open Sans
StyleName:Medium Italic
FullName:Open Sans Medium Italic
MenuName:Open Sans Medium
StyleBits:1
WritingScript:Roman
OutlineFileName:C:\Users\Jigsh Ptl\Downloads\Viscommerce_Offerings\New_20-01-2023\Viscommerce_Offerings_with_credentials\Font\OpenSans-MediumItalic.ttf
DataFormat:sfntData
hasSVG:no
VariableFontType:NonVariableFont
FileLength:135556
FileModTime:1296585000
WeightClass:500
WidthClass:5
AngleClass:1
NameArray:0,Win,1,Open Sans Medium
NameArray:0,Win,16,Open Sans
%EndFont

%BeginFont
Handler:DirectoryHandler
FontType:TrueType
FontName:OpenSans
FamilyName:Open Sans
StyleName:Regular
FullName:Open Sans
MenuName:Open Sans
StyleBits:0
WritingScript:Roman
OutlineFileName:C:\Users\Jigsh Ptl\Downloads\Viscommerce_Offerings\New_20-01-2023\Viscommerce_Offerings_with_credentials\Font\OpenSans-Regular.ttf
DataFormat:sfntData
hasSVG:no
VariableFontType:NonVariableFont
FileLength:217360
FileModTime:1644017436
WeightClass:400
WidthClass:5
AngleClass:0
NameArray:0,Mac,4,Open Sans
NameArray:0,Win,1,Open Sans
%EndFont

%BeginFont
Handler:DirectoryHandler
FontType:TrueType
FontName:OpenSans-SemiBold
FamilyName:Open Sans
StyleName:SemiBold
FullName:Open Sans SemiBold
MenuName:Open Sans SemiBold
StyleBits:0
WritingScript:Roman
OutlineFileName:C:\Users\Jigsh Ptl\Downloads\Viscommerce_Offerings\New_20-01-2023\Viscommerce_Offerings_with_credentials\Font\OpenSans-SemiBold.ttf
DataFormat:sfntData
hasSVG:no
VariableFontType:NonVariableFont
FileLength:221164
FileModTime:1644017436
WeightClass:600
WidthClass:5
AngleClass:0
NameArray:0,Mac,4,Open Sans SemiBold
NameArray:0,Win,1,Open Sans SemiBold
NameArray:0,Win,16,Open Sans
%EndFont

%BeginFont
Handler:DirectoryHandler
FontType:TrueType
FontName:OpenSans-SemiBoldItalic
FamilyName:Open Sans
StyleName:SemiBold Italic
FullName:Open Sans SemiBold Italic
MenuName:Open Sans SemiBold
StyleBits:1
WritingScript:Roman
OutlineFileName:C:\Users\Jigsh Ptl\Downloads\Viscommerce_Offerings\New_20-01-2023\Viscommerce_Offerings_with_credentials\Font\OpenSans-SemiBoldItalic.ttf
DataFormat:sfntData
hasSVG:no
VariableFontType:NonVariableFont
FileLength:212732
FileModTime:1644017436
WeightClass:600
WidthClass:5
AngleClass:1
NameArray:0,Mac,4,Open Sans SemiBold Italic
NameArray:0,Win,1,Open Sans SemiBold
NameArray:0,Win,16,Open Sans
%EndFont

%BeginFont
Handler:DirectoryHandler
FontType:TrueType
FontName:OpenSansCondensed-BoldItalic
FamilyName:Open Sans Condensed
StyleName:Bold Italic
FullName:Open Sans Condensed Bold Italic
MenuName:Open Sans Condensed
StyleBits:3
WritingScript:Roman
OutlineFileName:C:\Users\Jigsh Ptl\Downloads\Viscommerce_Offerings\New_20-01-2023\Viscommerce_Offerings_with_credentials\Font\OpenSans_Condensed-BoldItalic.ttf
DataFormat:sfntData
hasSVG:no
VariableFontType:NonVariableFont
FileLength:134916
FileModTime:1296585000
WeightClass:700
WidthClass:3
AngleClass:1
NameArray:0,Win,1,Open Sans Condensed
NameArray:0,Win,16,Open Sans Condensed
%EndFont

%BeginFont
Handler:DirectoryHandler
FontType:TrueType
FontName:OpenSansCondensed-ExtraBold
FamilyName:Open Sans Condensed
StyleName:ExtraBold
FullName:Open Sans Condensed ExtraBold
MenuName:Open Sans Condensed ExtraBold
StyleBits:0
WritingScript:Roman
OutlineFileName:C:\Users\Jigsh Ptl\Downloads\Viscommerce_Offerings\New_20-01-2023\Viscommerce_Offerings_with_credentials\Font\OpenSans_Condensed-ExtraBold.ttf
DataFormat:sfntData
hasSVG:no
VariableFontType:NonVariableFont
FileLength:129716
FileModTime:1296585000
WeightClass:800
WidthClass:3
AngleClass:0
NameArray:0,Win,1,Open Sans Condensed ExtraBold
NameArray:0,Win,16,Open Sans Condensed
%EndFont

%BeginFont
Handler:DirectoryHandler
FontType:TrueType
FontName:OpenSansCondensed-ExtraBoldItalic
FamilyName:Open Sans Condensed
StyleName:ExtraBold Italic
FullName:Open Sans Condensed ExtraBold Italic
MenuName:Open Sans Condensed ExtraBold
StyleBits:1
WritingScript:Roman
OutlineFileName:C:\Users\Jigsh Ptl\Downloads\Viscommerce_Offerings\New_20-01-2023\Viscommerce_Offerings_with_credentials\Font\OpenSans_Condensed-ExtraBoldItalic.ttf
DataFormat:sfntData
hasSVG:no
VariableFontType:NonVariableFont
FileLength:135364
FileModTime:1296585000
WeightClass:800
WidthClass:3
AngleClass:1
NameArray:0,Win,1,Open Sans Condensed ExtraBold
NameArray:0,Win,16,Open Sans Condensed
%EndFont

%BeginFont
Handler:DirectoryHandler
FontType:TrueType
FontName:OpenSansCondensed-Italic
FamilyName:Open Sans Condensed
StyleName:Italic
FullName:Open Sans Condensed Italic
MenuName:Open Sans Condensed
StyleBits:1
WritingScript:Roman
OutlineFileName:C:\Users\Jigsh Ptl\Downloads\Viscommerce_Offerings\New_20-01-2023\Viscommerce_Offerings_with_credentials\Font\OpenSans_Condensed-Italic.ttf
DataFormat:sfntData
hasSVG:no
VariableFontType:NonVariableFont
FileLength:135216
FileModTime:1296585000
WeightClass:400
WidthClass:3
AngleClass:1
NameArray:0,Win,1,Open Sans Condensed
NameArray:0,Win,16,Open Sans Condensed
%EndFont

%BeginFont
Handler:DirectoryHandler
FontType:TrueType
FontName:OpenSansCondensed-Light
FamilyName:Open Sans Condensed
StyleName:Light
FullName:Open Sans Condensed Light
MenuName:Open Sans Condensed Light
StyleBits:0
WritingScript:Roman
OutlineFileName:C:\Users\Jigsh Ptl\Downloads\Viscommerce_Offerings\New_20-01-2023\Viscommerce_Offerings_with_credentials\Font\OpenSans_Condensed-Light.ttf
DataFormat:sfntData
hasSVG:no
VariableFontType:NonVariableFont
FileLength:129300
FileModTime:1296585000
WeightClass:300
WidthClass:3
AngleClass:0
NameArray:0,Win,1,Open Sans Condensed Light
NameArray:0,Win,16,Open Sans Condensed
%EndFont

%BeginFont
Handler:DirectoryHandler
FontType:TrueType
FontName:OpenSansCondensed-LightItalic
FamilyName:Open Sans Condensed
StyleName:Light Italic
FullName:Open Sans Condensed Light Italic
MenuName:Open Sans Condensed Light
StyleBits:1
WritingScript:Roman
OutlineFileName:C:\Users\Jigsh Ptl\Downloads\Viscommerce_Offerings\New_20-01-2023\Viscommerce_Offerings_with_credentials\Font\OpenSans_Condensed-LightItalic.ttf
DataFormat:sfntData
hasSVG:no
VariableFontType:NonVariableFont
FileLength:135404
FileModTime:1296585000
WeightClass:300
WidthClass:3
AngleClass:1
NameArray:0,Win,1,Open Sans Condensed Light
NameArray:0,Win,16,Open Sans Condensed
%EndFont

%BeginFont
Handler:DirectoryHandler
FontType:TrueType
FontName:OpenSansCondensed-Medium
FamilyName:Open Sans Condensed
StyleName:Medium
FullName:Open Sans Condensed Medium
MenuName:Open Sans Condensed Medium
StyleBits:0
WritingScript:Roman
OutlineFileName:C:\Users\Jigsh Ptl\Downloads\Viscommerce_Offerings\New_20-01-2023\Viscommerce_Offerings_with_credentials\Font\OpenSans_Condensed-Medium.ttf
DataFormat:sfntData
hasSVG:no
VariableFontType:NonVariableFont
FileLength:129396
FileModTime:1296585000
WeightClass:500
WidthClass:3
AngleClass:0
NameArray:0,Win,1,Open Sans Condensed Medium
NameArray:0,Win,16,Open Sans Condensed
%EndFont

%BeginFont
Handler:DirectoryHandler
FontType:TrueType
FontName:OpenSansCondensed-MediumItalic
FamilyName:Open Sans Condensed
StyleName:Medium Italic
FullName:Open Sans Condensed Medium Italic
MenuName:Open Sans Condensed Medium
StyleBits:1
WritingScript:Roman
OutlineFileName:C:\Users\Jigsh Ptl\Downloads\Viscommerce_Offerings\New_20-01-2023\Viscommerce_Offerings_with_credentials\Font\OpenSans_Condensed-MediumItalic.ttf
DataFormat:sfntData
hasSVG:no
VariableFontType:NonVariableFont
FileLength:135340
FileModTime:1296585000
WeightClass:500
WidthClass:3
AngleClass:1
NameArray:0,Win,1,Open Sans Condensed Medium
NameArray:0,Win,16,Open Sans Condensed
%EndFont

%BeginFont
Handler:DirectoryHandler
FontType:TrueType
FontName:OpenSansCondensed-Regular
FamilyName:Open Sans Condensed
StyleName:Regular
FullName:Open Sans Condensed Regular
MenuName:Open Sans Condensed
StyleBits:0
WritingScript:Roman
OutlineFileName:C:\Users\Jigsh Ptl\Downloads\Viscommerce_Offerings\New_20-01-2023\Viscommerce_Offerings_with_credentials\Font\OpenSans_Condensed-Regular.ttf
DataFormat:sfntData
hasSVG:no
VariableFontType:NonVariableFont
FileLength:129328
FileModTime:1296585000
WeightClass:400
WidthClass:3
AngleClass:0
NameArray:0,Win,1,Open Sans Condensed
NameArray:0,Win,16,Open Sans Condensed
%EndFont

%BeginFont
Handler:DirectoryHandler
FontType:TrueType
FontName:OpenSansCondensed-SemiBold
FamilyName:Open Sans Condensed
StyleName:SemiBold
FullName:Open Sans Condensed SemiBold
MenuName:Open Sans Condensed SemiBold
StyleBits:0
WritingScript:Roman
OutlineFileName:C:\Users\Jigsh Ptl\Downloads\Viscommerce_Offerings\New_20-01-2023\Viscommerce_Offerings_with_credentials\Font\OpenSans_Condensed-SemiBold.ttf
DataFormat:sfntData
hasSVG:no
VariableFontType:NonVariableFont
FileLength:129420
FileModTime:1296585000
WeightClass:600
WidthClass:3
AngleClass:0
NameArray:0,Win,1,Open Sans Condensed SemiBold
NameArray:0,Win,16,Open Sans Condensed
%EndFont

%BeginFont
Handler:DirectoryHandler
FontType:TrueType
FontName:OpenSansCondensed-SemiBoldItalic
FamilyName:Open Sans Condensed
StyleName:SemiBold Italic
FullName:Open Sans Condensed SemiBold Italic
MenuName:Open Sans Condensed SemiBold
StyleBits:1
WritingScript:Roman
OutlineFileName:C:\Users\Jigsh Ptl\Downloads\Viscommerce_Offerings\New_20-01-2023\Viscommerce_Offerings_with_credentials\Font\OpenSans_Condensed-SemiBoldItalic.ttf
DataFormat:sfntData
hasSVG:no
VariableFontType:NonVariableFont
FileLength:135476
FileModTime:1296585000
WeightClass:600
WidthClass:3
AngleClass:1
NameArray:0,Win,1,Open Sans Condensed SemiBold
NameArray:0,Win,16,Open Sans Condensed
%EndFont

%BeginFont
Handler:DirectoryHandler
FontType:TrueType
FontName:OpenSansSemiCondensed-Bold
FamilyName:Open Sans SemiCondensed
StyleName:Bold
FullName:Open Sans SemiCondensed Bold
MenuName:Open Sans SemiCondensed
StyleBits:2
WritingScript:Roman
OutlineFileName:C:\Users\Jigsh Ptl\Downloads\Viscommerce_Offerings\New_20-01-2023\Viscommerce_Offerings_with_credentials\Font\OpenSans_SemiCondensed-Bold.ttf
DataFormat:sfntData
hasSVG:no
VariableFontType:NonVariableFont
FileLength:130080
FileModTime:1296585000
WeightClass:700
WidthClass:4
AngleClass:0
NameArray:0,Win,1,Open Sans SemiCondensed
NameArray:0,Win,16,Open Sans SemiCondensed
%EndFont

%BeginFont
Handler:DirectoryHandler
FontType:TrueType
FontName:OpenSansSemiCondensed-BoldItalic
FamilyName:Open Sans SemiCondensed
StyleName:Bold Italic
FullName:Open Sans SemiCondensed Bold Italic
MenuName:Open Sans SemiCondensed
StyleBits:3
WritingScript:Roman
OutlineFileName:C:\Users\Jigsh Ptl\Downloads\Viscommerce_Offerings\New_20-01-2023\Viscommerce_Offerings_with_credentials\Font\OpenSans_SemiCondensed-BoldItalic.ttf
DataFormat:sfntData
hasSVG:no
VariableFontType:NonVariableFont
FileLength:135844
FileModTime:1296585000
WeightClass:700
WidthClass:4
AngleClass:1
NameArray:0,Win,1,Open Sans SemiCondensed
NameArray:0,Win,16,Open Sans SemiCondensed
%EndFont

%BeginFont
Handler:DirectoryHandler
FontType:TrueType
FontName:OpenSansSemiCondensed-ExtraBold
FamilyName:Open Sans SemiCondensed
StyleName:ExtraBold
FullName:Open Sans SemiCondensed ExtraBold
MenuName:Open Sans SemiCondensed ExtraBold
StyleBits:0
WritingScript:Roman
OutlineFileName:C:\Users\Jigsh Ptl\Downloads\Viscommerce_Offerings\New_20-01-2023\Viscommerce_Offerings_with_credentials\Font\OpenSans_SemiCondensed-ExtraBold.ttf
DataFormat:sfntData
hasSVG:no
VariableFontType:NonVariableFont
FileLength:130676
FileModTime:1296585000
WeightClass:800
WidthClass:4
AngleClass:0
NameArray:0,Win,1,Open Sans SemiCondensed ExtraBold
NameArray:0,Win,16,Open Sans SemiCondensed
%EndFont

%BeginFont
Handler:DirectoryHandler
FontType:TrueType
FontName:OpenSansSemiCondensed-ExtraBoldItalic
FamilyName:Open Sans SemiCondensed
StyleName:ExtraBold Italic
FullName:Open Sans SemiCondensed ExtraBold Italic
MenuName:Open Sans SemiCondensed ExtraBold
StyleBits:1
WritingScript:Roman
OutlineFileName:C:\Users\Jigsh Ptl\Downloads\Viscommerce_Offerings\New_20-01-2023\Viscommerce_Offerings_with_credentials\Font\OpenSans_SemiCondensed-ExtraBoldItalic.ttf
DataFormat:sfntData
hasSVG:no
VariableFontType:NonVariableFont
FileLength:136340
FileModTime:1296585000
WeightClass:800
WidthClass:4
AngleClass:1
NameArray:0,Win,1,Open Sans SemiCondensed ExtraBold
NameArray:0,Win,16,Open Sans SemiCondensed
%EndFont

%BeginFont
Handler:DirectoryHandler
FontType:TrueType
FontName:OpenSansSemiCondensed-Italic
FamilyName:Open Sans SemiCondensed
StyleName:Italic
FullName:Open Sans SemiCondensed Italic
MenuName:Open Sans SemiCondensed
StyleBits:1
WritingScript:Roman
OutlineFileName:C:\Users\Jigsh Ptl\Downloads\Viscommerce_Offerings\New_20-01-2023\Viscommerce_Offerings_with_credentials\Font\OpenSans_SemiCondensed-Italic.ttf
DataFormat:sfntData
hasSVG:no
VariableFontType:NonVariableFont
FileLength:135720
FileModTime:1296585000
WeightClass:400
WidthClass:4
AngleClass:1
NameArray:0,Win,1,Open Sans SemiCondensed
NameArray:0,Win,16,Open Sans SemiCondensed
%EndFont

%BeginFont
Handler:DirectoryHandler
FontType:TrueType
FontName:OpenSansSemiCondensed-Light
FamilyName:Open Sans SemiCondensed
StyleName:Light
FullName:Open Sans SemiCondensed Light
MenuName:Open Sans SemiCondensed Light
StyleBits:0
WritingScript:Roman
OutlineFileName:C:\Users\Jigsh Ptl\Downloads\Viscommerce_Offerings\New_20-01-2023\Viscommerce_Offerings_with_credentials\Font\OpenSans_SemiCondensed-Light.ttf
DataFormat:sfntData
hasSVG:no
VariableFontType:NonVariableFont
FileLength:130060
FileModTime:1296585000
WeightClass:300
WidthClass:4
AngleClass:0
NameArray:0,Win,1,Open Sans SemiCondensed Light
NameArray:0,Win,16,Open Sans SemiCondensed
%EndFont

%BeginFont
Handler:DirectoryHandler
FontType:TrueType
FontName:OpenSansSemiCondensed-LightItalic
FamilyName:Open Sans SemiCondensed
StyleName:Light Italic
FullName:Open Sans SemiCondensed Light Italic
MenuName:Open Sans SemiCondensed Light
StyleBits:1
WritingScript:Roman
OutlineFileName:C:\Users\Jigsh Ptl\Downloads\Viscommerce_Offerings\New_20-01-2023\Viscommerce_Offerings_with_credentials\Font\OpenSans_SemiCondensed-LightItalic.ttf
DataFormat:sfntData
hasSVG:no
VariableFontType:NonVariableFont
FileLength:135968
FileModTime:1296585000
WeightClass:300
WidthClass:4
AngleClass:1
NameArray:0,Win,1,Open Sans SemiCondensed Light
NameArray:0,Win,16,Open Sans SemiCondensed
%EndFont

%BeginFont
Handler:DirectoryHandler
FontType:TrueType
FontName:OpenSansSemiCondensed-Medium
FamilyName:Open Sans SemiCondensed
StyleName:Medium
FullName:Open Sans SemiCondensed Medium
MenuName:Open Sans SemiCondensed Medium
StyleBits:0
WritingScript:Roman
OutlineFileName:C:\Users\Jigsh Ptl\Downloads\Viscommerce_Offerings\New_20-01-2023\Viscommerce_Offerings_with_credentials\Font\OpenSans_SemiCondensed-Medium.ttf
DataFormat:sfntData
hasSVG:no
VariableFontType:NonVariableFont
FileLength:129932
FileModTime:1296585000
WeightClass:500
WidthClass:4
AngleClass:0
NameArray:0,Win,1,Open Sans SemiCondensed Medium
NameArray:0,Win,16,Open Sans SemiCondensed
%EndFont

%BeginFont
Handler:DirectoryHandler
FontType:TrueType
FontName:OpenSansSemiCondensed-MediumItalic
FamilyName:Open Sans SemiCondensed
StyleName:Medium Italic
FullName:Open Sans SemiCondensed Medium Italic
MenuName:Open Sans SemiCondensed Medium
StyleBits:1
WritingScript:Roman
OutlineFileName:C:\Users\Jigsh Ptl\Downloads\Viscommerce_Offerings\New_20-01-2023\Viscommerce_Offerings_with_credentials\Font\OpenSans_SemiCondensed-MediumItalic.ttf
DataFormat:sfntData
hasSVG:no
VariableFontType:NonVariableFont
FileLength:135796
FileModTime:1296585000
WeightClass:500
WidthClass:4
AngleClass:1
NameArray:0,Win,1,Open Sans SemiCondensed Medium
NameArray:0,Win,16,Open Sans SemiCondensed
%EndFont

%BeginFont
Handler:DirectoryHandler
FontType:TrueType
FontName:OpenSansSemiCondensed-Regular
FamilyName:Open Sans SemiCondensed
StyleName:Regular
FullName:Open Sans SemiCondensed Regular
MenuName:Open Sans SemiCondensed
StyleBits:0
WritingScript:Roman
OutlineFileName:C:\Users\Jigsh Ptl\Downloads\Viscommerce_Offerings\New_20-01-2023\Viscommerce_Offerings_with_credentials\Font\OpenSans_SemiCondensed-Regular.ttf
DataFormat:sfntData
hasSVG:no
VariableFontType:NonVariableFont
FileLength:129776
FileModTime:1296585000
WeightClass:400
WidthClass:4
AngleClass:0
NameArray:0,Win,1,Open Sans SemiCondensed
NameArray:0,Win,16,Open Sans SemiCondensed
%EndFont

%BeginFont
Handler:DirectoryHandler
FontType:TrueType
FontName:OpenSansSemiCondensed-SemiBold
FamilyName:Open Sans SemiCondensed
StyleName:SemiBold
FullName:Open Sans SemiCondensed SemiBold
MenuName:Open Sans SemiCondensed SemiBold
StyleBits:0
WritingScript:Roman
OutlineFileName:C:\Users\Jigsh Ptl\Downloads\Viscommerce_Offerings\New_20-01-2023\Viscommerce_Offerings_with_credentials\Font\OpenSans_SemiCondensed-SemiBold.ttf
DataFormat:sfntData
hasSVG:no
VariableFontType:NonVariableFont
FileLength:129820
FileModTime:1296585000
WeightClass:600
WidthClass:4
AngleClass:0
NameArray:0,Win,1,Open Sans SemiCondensed SemiBold
NameArray:0,Win,16,Open Sans SemiCondensed
%EndFont

%BeginFont
Handler:DirectoryHandler
FontType:TrueType
FontName:OpenSansSemiCondensed-SemiBoldItalic
FamilyName:Open Sans SemiCondensed
StyleName:SemiBold Italic
FullName:Open Sans SemiCondensed SemiBold Italic
MenuName:Open Sans SemiCondensed SemiBold
StyleBits:1
WritingScript:Roman
OutlineFileName:C:\Users\Jigsh Ptl\Downloads\Viscommerce_Offerings\New_20-01-2023\Viscommerce_Offerings_with_credentials\Font\OpenSans_SemiCondensed-SemiBoldItalic.ttf
DataFormat:sfntData
hasSVG:no
VariableFontType:NonVariableFont
FileLength:135884
FileModTime:1296585000
WeightClass:600
WidthClass:4
AngleClass:1
NameArray:0,Win,1,Open Sans SemiCondensed SemiBold
NameArray:0,Win,16,Open Sans SemiCondensed
%EndFont

